<<<<<<< HEAD

Session altered.


Session altered.


Session altered.


***************************** CREATION USER  *****************************


Session altered.

specify password for FindSW as parameter 1:

specify default tablespeace for FindSW as parameter 2:

specify temporary tablespace for FindSW as parameter 3:

specify password for SYS as parameter 4:

specify log path as parameter 5:

specify connect string as parameter 6:


User dropped.


User created.

ALTER USER SET DEFAUT TABLE

User altered.

ALTER USER GIVE A TEMPORARY TABLESSPACE

User altered.

GRAND ACESS CREATE VIEW, ALTER SESSION, CREATE SEQUENCE TO FindSW

Grant succeeded.

GRANT CREATE SESSION, CREATE VIEW, ALTER SESSION, CREATE SEQUENCE TO FindSW

Grant succeeded.

Connecté.

Autorisation de privilèges (GRANT) acceptée.

Connecté.

***************************** CREATION SEQUENCE  *****************************


Session altered.


Session altered.


***************************** SEQUENCE CREATION FOR FOOD SCHEMA *****************************


***************************** CREATION OF THE ADMIN SEQUENCE *****************************


Sequence created.


***************************** CREATION OF THE USER SEQUENCE *****************************


Sequence created.


***************************** CREATION OF THE ORDERS SEQUENCE *****************************


Sequence created.


***************************** CREATION OF THE NOTE SEQUENCE *****************************


Sequence created.


***************************** CREATION OF THE CONFIG SEQUENCE *****************************


Sequence created.


***************************** CREATION OF THE PANIER SEQUENCE *****************************


Sequence created.


***************************** CREATION OF THE RESTAURANT SEQUENCE *****************************


Sequence created.


***************************** CREATION OF THE CUSTOMERS SEQUENCE *****************************


Sequence created.


***************************** CREATION OF THE MENU SEQUENCE *****************************


Sequence created.


***************************** CREATION OF THE DISH SEQUENCE *****************************


Sequence created.


***************************** CREATION OF THE GARNISH SEQUENCE *****************************


Sequence created.


***************************** CREATION OF THE SECULANT SEQUENCE *****************************


Sequence created.


***************************** CREATION TABLE  *****************************


Session altered.


Session altered.


***************************** TABLE CREATION FOR FOOD SCHEMA *****************************


***************************** CREATION OF THE ADMIN TABLE *****************************


Table created.


***************************** CREATION OF THE USER TABLE *****************************


Table created.


***************************** CREATION OF THE RESTAURANT TABLE *****************************


Table created.


***************************** CREATION OF THE CUSTOMERS TABLE *****************************


Table created.


***************************** CREATION OF THE MENU TABLE *****************************


Table created.


***************************** CREATION OF THE DISH TABLE *****************************


Table created.


***************************** CREATION OF THE GARNISH TABLE *****************************


Table created.


***************************** CREATION OF THE SECULANT TABLE *****************************


Table created.


***************************** CREATION OF THE ORDERS TABLE *****************************


Table created.


***************************** CREATION OF THE PANIER TABLE *****************************


Table created.


***************************** CREATION OF THE NOTE TABLE *****************************


Table created.


***************************** CREATION OF THE CONFIG TABLE *****************************


Table created.


***************************** CREATION OF THE CHOIX TABLE *****************************


Table created.


***************************** CREATION INDEX  *****************************


Session altered.


Session altered.


***************************** INDEX CREATION FOR FOOD SCHEMA *****************************


***************************** CREATION OF THE ADMIN INDEX *****************************


Index created.


***************************** CREATION OF THE USER INDEX *****************************


Index created.


***************************** CREATION OF THE RESTAURANT INDEX *****************************


Index created.


***************************** CREATION OF THE CUSTOMERS INDEX *****************************


Index created.


***************************** CREATION OF THE MENU INDEX *****************************


Index created.


***************************** CREATION OF THE DISH INDEX *****************************


Index created.


***************************** CREATION OF THE GARNISH INDEX *****************************


Index created.


***************************** CREATION OF THE SECULANT INDEX *****************************


Index created.


***************************** CREATION OF THE ORDERS INDEX *****************************


Index created.


***************************** CREATION OF THE PANIER INDEX *****************************


Index created.


***************************** CREATION OF THE NOTE INDEX *****************************


Index created.


***************************** CREATION OF THE CONFIG INDEX *****************************


Index created.


***************************** CREATION UNIQUE  *****************************


Session altered.


Session altered.


***************************** UNIQUE CREATION FOR FOOD SCHEMA *****************************


***************************** CREATION OF THE ADMIN UNIQUE *****************************


Table altered.


***************************** CREATION OF THE USER UNIQUE *****************************


Table altered.


***************************** CREATION OF THE RESTAURANT UNIQUE *****************************


Table altered.


***************************** CREATION OF THE CUSTOMERS UNIQUE *****************************


Table altered.


Table altered.


***************************** CREATION OF THE DISH UNIQUE *****************************


Table altered.


***************************** CREATION OF THE GARNISH UNIQUE *****************************


Table altered.


***************************** CREATION OF THE SECULANT UNIQUE *****************************


Table altered.


***************************** CREATION PRIMARY KEY  *****************************


Session altered.


Session altered.


***************************** CONSTRAINT CREATION FOR FOOD SCHEMA *****************************


********************************************** PRIMARY KEY *******************************************


***************************** CONSTRAINT PRIMARY KEY OF THE ADMIN TABLE *****************************


Table altered.


***************************** CONSTRAINT PRIMARY KEY OF THE USER TABLE *****************************


Table altered.


***************************** CONSTRAINT PRIMARY KEY OF THE RESTAURANT TABLE *****************************


Table altered.


***************************** CONSTRAINT PRIMARY KEY OF THE CUSTOMERS TABLE *****************************


Table altered.


***************************** CONSTRAINT PRIMARY KEY OF THE MENU TABLE *****************************


Table altered.


***************************** CONSTRAINT PRIMARY KEY OF THE DISH TABLE *****************************


Table altered.


***************************** CONSTRAINT PRIMARY KEY OF THE GARNISH TABLE *****************************


Table altered.


***************************** CONSTRAINT PRIMARY KEY OF THE SECULANT TABLE *****************************


Table altered.


***************************** CONSTRAINT PRIMARY KEY OF THE ORDERS TABLE *****************************


Table altered.


***************************** CONSTRAINT PRIMARY KEY OF THE PANIER TABLE *****************************


Table altered.


***************************** CONSTRAINT PRIMARY KEY OF THE NOTE TABLE *****************************


Table altered.


***************************** CONSTRAINT PRIMARY KEY OF THE CONFIG TABLE *****************************


Table altered.


***************************** CREATION FOREIGN KEY  *****************************


Session altered.


Session altered.


***************************** CONSTRAINT CREATION FOR FOOD SCHEMA *****************************


*********************************************FOREIGN KEY**********************************************


***************************** CONSTRAINT FOREIGN KEY OF THE CUSTOMERS TABLE *****************************


Table altered.


***************************** CONSTRAINT FOREIGN KEY OF THE MENU TABLE *****************************


Table altered.


Table altered.


Table altered.


Table altered.


Table altered.


***************************** CONSTRAINT FOREIGN KEY OF THE ORDERS TABLE *****************************


Table altered.


Table altered.


***************************** CONSTRAINT  FOREIGN KEY OF THE RESTAURANT TABLE *****************************


Table altered.


***************************** CONSTRAINT FOREIGN KEY OF THE NOTE TABLE *****************************


Table altered.


Table altered.


***************************** CONSTRAINT  FOREIGN KEY OF THE PANIER TABLE *****************************


Table altered.


***************************** CONSTRAINT  FOREIGN KEY OF THE CHOIX TABLE *****************************


Table altered.


Table altered.


***************************** CREATION CHECK  *****************************


Session altered.


Session altered.


***************************** CHECK CREATION FOR FOOD SCHEMA *****************************


***************************** CREATION OF THE ADMIN CHECK *****************************


Table altered.


***************************** CREATION OF THE USER CHECK *****************************


Table altered.


***************************** CREATION OF THE RESTAURANT CHECK *****************************


Table altered.


***************************** CREATION OF THE CUSTOMERS CHECK *****************************


Table altered.


***************************** CREATION OF THE MENU CHECK *****************************


Table altered.


***************************** CREATION OF THE NOTE CHECK *****************************


Table altered.


***************************** CREATION OF THE CONFIG CHECK *****************************


Table altered.


***************************** CREATION OF THE CHOIX CHECK *****************************


Table altered.


*******************************************************************FOOD*************************************************************************


***************************** CREATE FUNCTION  *****************************


Session altered.


Session altered.


***************************** FUNCTION FOOD SCHEMA *****************************


***************************** FUNCTION  ENCRYPT_PASSWORD *****************************


Function created.


***************************** FUNCTION CALCUL *****************************


Warning: Function created with compilation errors.


***************************** FUNCTION CUSTOMERS *****************************


Function created.


Warning: Function created with compilation errors.


***************************** FUNCTION ID GARNISH *****************************


Function created.


***************************** FUNCTION ID SECULANT *****************************


Function created.


***************************** FUNCTION ID DISH *****************************


Function created.


***************************** FUNCTION ID RESTAURANT *****************************


Function created.


***************************** FUNCTION ID MENU *****************************


Function created.


***************************** FUNCTION ID USER *****************************


Function created.


Function created.


***************************** FUNCTION ID USER *****************************


Function created.


***************************** FUNCTION NAME RESTAU *****************************


Function created.


***************************** POPULATE TABLE  *****************************


Session altered.


Session altered.


***************************** POPULATING FOOD SCHEMA *****************************


***************************** POPULATING ADMIN TABLE *****************************


1 row created.


1 row created.


1 row created.


1 row created.


1 row created.


1 row created.


1 row created.


1 row created.


1 row created.


1 row created.


1 row created.


***************************** POPULATING USER TABLE *****************************


1 row created.


1 row created.


1 row created.


1 row created.


1 row created.


1 row created.


1 row created.


1 row created.


1 row created.


1 row created.


1 row created.


1 row created.


1 row created.


1 row created.


1 row created.


1 row created.


***************************** POPULATING DISH TABLE *****************************


1 row created.


1 row created.


1 row created.


1 row created.


1 row created.


1 row created.


1 row created.


1 row created.


1 row created.


1 row created.


1 row created.


1 row created.


1 row created.


1 row created.


1 row created.


1 row created.


1 row created.


1 row created.


1 row created.


1 row created.


1 row created.


1 row created.


1 row created.


1 row created.


1 row created.


1 row created.


1 row created.


1 row created.


1 row created.


1 row created.


1 row created.


1 row created.


1 row created.


1 row created.


1 row created.


1 row created.


1 row created.


1 row created.


1 row created.


1 row created.


1 row created.


1 row created.


1 row created.


1 row created.


1 row created.


1 row created.


1 row created.


1 row created.


1 row created.


1 row created.


1 row created.


1 row created.


1 row created.


1 row created.


1 row created.


1 row created.


1 row created.


***************************** POPULATING GARNISH TABLE *****************************


1 row created.


1 row created.


1 row created.


1 row created.


1 row created.


1 row created.


1 row created.


1 row created.


1 row created.


1 row created.


1 row created.


1 row created.


1 row created.


1 row created.


1 row created.


1 row created.


1 row created.


1 row created.


1 row created.


1 row created.


1 row created.


1 row created.


1 row created.


1 row created.


1 row created.


1 row created.


1 row created.


1 row created.


1 row created.


1 row created.


1 row created.


1 row created.


1 row created.


1 row created.


1 row created.


1 row created.


1 row created.


1 row created.


1 row created.


1 row created.


1 row created.


1 row created.


1 row created.


1 row created.


1 row created.


1 row created.


1 row created.


1 row created.


1 row created.


***************************** POPULATING SECULANT TABLE *****************************


1 row created.


1 row created.


1 row created.


1 row created.


1 row created.


1 row created.


1 row created.


1 row created.


1 row created.


1 row created.


1 row created.


1 row created.


1 row created.


1 row created.


1 row created.


1 row created.


1 row created.


***************************** POPULATING CONFIG TABLE *****************************


1 row created.


1 row created.


1 row created.


1 row created.


1 row created.


1 row created.


1 row created.


1 row created.


1 row created.


1 row created.


***************************** POPULATING CUSTOMERS TABLE *****************************


1 row created.


1 row created.


1 row created.


1 row created.


1 row created.


1 row created.


1 row created.


1 row created.


1 row created.


1 row created.


1 row created.


1 row created.


1 row created.


1 row created.


1 row created.


1 row created.


***************************** POPULATING RESTAURANT TABLE *****************************


1 row created.


1 row created.


1 row created.


1 row created.


1 row created.


1 row created.


1 row created.


1 row created.


1 row created.


1 row created.


1 row created.


1 row created.


1 row created.


1 row created.


1 row created.


1 row created.


1 row created.


1 row created.


1 row created.


1 row created.


1 row created.


1 row created.


1 row created.


1 row created.


1 row created.


1 row created.


1 row created.


1 row created.


1 row created.


1 row created.


1 row created.


1 row created.


1 row created.


1 row created.


1 row created.


1 row created.


1 row created.


1 row created.


1 row created.


1 row created.


1 row created.


1 row created.


1 row created.


1 row created.


1 row created.


1 row created.


1 row created.


1 row created.


1 row created.


1 row created.


***************************** POPULATING NOTE TABLE *****************************


1 row created.


1 row created.


1 row created.


1 row created.


1 row created.


1 row created.


1 row created.


1 row created.


1 row created.


1 row created.


1 row created.


1 row created.


1 row created.


1 row created.


1 row created.


1 row created.


***************************** POPULATING MENU TABLE *****************************


1 row created.


1 row created.


1 row created.


1 row created.


1 row created.


1 row created.


1 row created.


1 row created.


1 row created.


1 row created.


1 row created.


1 row created.


1 row created.


1 row created.


1 row created.


1 row created.


***************************** POPULATING PANIER TABLE *****************************


1 row created.


1 row created.


1 row created.


1 row created.


1 row created.


1 row created.


1 row created.


1 row created.


1 row created.


1 row created.


1 row created.


1 row created.


1 row created.


1 row created.


1 row created.


1 row created.


***************************** POPULATING CHOIX TABLE *****************************


1 row created.


1 row created.


1 row created.


1 row created.


1 row created.


1 row created.


1 row created.


1 row created.


1 row created.


***************************** POPULATING ORDERS TABLE *****************************


1 row created.


1 row created.


1 row created.


1 row created.


1 row created.


1 row created.


1 row created.


1 row created.


1 row created.


1 row created.


1 row created.


1 row created.


1 row created.


1 row created.


1 row created.


1 row created.


1 row created.


1 row created.


1 row created.


1 row created.


1 row created.


1 row created.


1 row created.


1 row created.


1 row created.


1 row created.


1 row created.


1 row created.


1 row created.


1 row created.


1 row created.


1 row created.


1 row created.


1 row created.


1 row created.


1 row created.


1 row created.


1 row created.


1 row created.


1 row created.


1 row created.


1 row created.


1 row created.


1 row created.


1 row created.


1 row created.


1 row created.


1 row created.


1 row created.


1 row created.


*******************************************************************FOOD*************************************************************************


***************************** CREATE PROCEDURE  *****************************


Procedure created.


Procedure created.


Procedure created.




****      *********  *********    	        *********   **********  **********  ***********       ****      ***      ***
******     **      ** **      **   	        **      **  **          ***         ***********      ******     ***      ***
**    **    *********  *********     	        *********   **********  **********      ***         **    **    ***      ***
**********   **         **                      **   **     **********         ***      ***        **********   ***      ***
**        **  **         **         	        **    **    **          **********      ***       **        **  ************
**          ** **         **         	        **     **   **********  **********      ***      **          ** ************





******************************************************************************************************************************************
**                                                                                                                                      **
***                                                                                                                                    ***
****                                          BIENVENUE SUR Nom de lapplication                                                       ****
*****                                                                                                                                *****
******                                       1- INSCRIPTION                                                                         ******
*******                                      2- CONNEXION                                                                          *******
******                                       3- QUITTER                                                                             ******
*****                                                                                                                                *****
****                                                                                                                                  ****
***                                                                                                                                    ***
**                                                                                                                                      **
******************************************************************************************************************************************
choisissez une option : fhjg

SCRIPT
----------------------
Procedure/Case

1 row selected.

******************************************************************************************************************************************
**                                                                                                                                      **
***                                                                                                                                    ***
****                                          BIENVENUE SUR Nom de lapplication                                                       ****
*****                                                                                                                                *****
******                                       1- INSCRIPTION                                                                         ******
*******                                      2- CONNEXION                                                                          *******
******                                       3- QUITTER                                                                             ******
*****                                                                                                                                *****
****                                                                                                                                  ****
***                                                                                                                                    ***
**                                                                                                                                      **
******************************************************************************************************************************************
choisissez une option : l

SCRIPT
----------------------
Procedure/Case

1 row selected.

******************************************************************************************************************************************
**                                                                                                                                      **
***                                                                                                                                    ***
****                                          BIENVENUE SUR Nom de lapplication                                                       ****
*****                                                                                                                                *****
******                                       1- INSCRIPTION                                                                         ******
*******                                      2- CONNEXION                                                                          *******
******                                       3- QUITTER                                                                             ******
*****                                                                                                                                *****
****                                                                                                                                  ****
***                                                                                                                                    ***
**                                                                                                                                      **
******************************************************************************************************************************************
choisissez une option : l

SCRIPT
----------------------
Procedure/Case

1 row selected.

******************************************************************************************************************************************
**                                                                                                                                      **
***                                                                                                                                    ***
****                                          BIENVENUE SUR Nom de lapplication                                                       ****
*****                                                                                                                                *****
******                                       1- INSCRIPTION                                                                         ******
*******                                      2- CONNEXION                                                                          *******
******                                       3- QUITTER                                                                             ******
*****                                                                                                                                *****
****                                                                                                                                  ****
***                                                                                                                                    ***
**                                                                                                                                      **
******************************************************************************************************************************************
choisissez une option : 1

SCRIPT
----------------------
@Procedure/Inscription

1 row selected.

******************************************************************************************************************************************
**                                                                                                                                      **
***                                                                                                                                    ***
****                                                                                                                                  ****
*****                                                                                                                                *****
******                                       1- Administrator                                                                       ******
*******                                      2- Restaurant                                                                         *******
******                                       3- Customer                                                                            ******
*****                                                                                                                                *****
****                                                                                                                                  ****
***                                                                                                                                    ***
**                                                                                                                                      **
******************************************************************************************************************************************
En tant que : 3

SCRIPT
---------------------------------------------
@Features/Features_customer/register_cust

1 row selected.

Enter value for username: JKHKJHKJ
Enter value for password: AZERTYUII
User registered

PL/SQL procedure successfully completed.

Enter value for first_name: JJGJGKJ
Enter value for last_name: HGJG
Enter value for email: KJG
Enter value for phone_number: GG
Enter value for cust_address: UFYœYFH
Enter value for gender: KHKH
Enter value for enter_your_username: HJ
'GG',
*
ERROR at line 7:
ORA-01722: invalid number



   ID_CUST FIRST_NAME                LAST_NAME                 EMAIL                          PHONE_NUMBER CUST_ADDRESS                             G START_DAT    ID_USER    ID_USER USERNAME        PASSWORD
---------- ------------------------- ------------------------- ------------------------------ ------------ ---------------------------------------- - --------- ---------- ---------- --------------- -------------------------
         1 samy                      bodyo                     samybodio2@gmail.com              690642527 Bonamoussadi                             M 07-MAY-10          2          2 stonetemfack    fk9Y663.v&/-m!~=
         2 motso                     alix                      audreymotso@gmail.com             654040947 Kotto                                    F 14-NOV-13          3          3 angele          Ztfk42X09Y%2/-m!
         3 kenchoung                 dany                      kenchoumgmorele@gmail.com         690642524 Logpom                                   F 16-JUN-17          8          8 Diagoudelano    p@fkX0%2/-
         4 awounang                  stone                     daniellestone@gmail.com           690642525 Bali                                     F 20-SEP-19          6          6 tankoleila      Zte89Y66v&%2/-m!~=
         5 angel                     kim                       angel@gmail.com                   690642521 Deido                                    F 30-JUN-16          4          4 tedongmovaldez  Ztp@fkX0?-P)%2/-
         6 djouda                    patric                    djoudapatric@gmail.com            690642517 Makepe                                   M 07-DEC-20         11         11 zebazerayan     Ztp@fk9Y92?-8.%2/-
         7 loic                      ruphel                    ruphelscot@gmail.com              690642502 Logbaba                                  M 05-APR-18          9          9 chiemowandji    Zta4p@fknuCSDa9Y66;>
         8 tangeng                   evrad                     evradtan@gmail.com                690642500 Logbessou                                M 25-FEB-22         13         13 djikite         fkDa6692v&+$%2/-
         9 toko                      michel                    tokoange@gmail.com                690642563 Bonanjo                                  M 16-FEB-21          1          1 djoudapatric6   Ztfk42Da9Y92/-m!~=qR
        10 dogmo                     grace                     dogmograce@gmail.com              690742528 Bonaberi                                 F 10-MAR-22         16         16 deutchouamaeva  a4p@fknuv&!}/-<"
        11 tchofo                    fred                      tchofofresd@gmail.com             699642029 Akwa                                     M 01-JAN-13         12         12 sibeuryan       Zt9Y928.%2/-m!~=
        12 mirabeau                  steve                     mirabeausteve@gmail.com           690642529 Bangue                                   M 28-APR-17         14         14 milena          ZtfkCSX0Da9Y/-
        13 nguimatio                 line                      nguimatioline@gmail.com           691947097 Bonamoussadi                             F 12-APR-16         15         15 djouffo         p@fknuAt66*^3.v&!}/-
        14 donfack                   roger                     dongfackroger@gmail.com           670642529 Bali                                     M 03-DEC-15          7          7 JasonKamsu      ZtAte89Y663.%2A0
        15 tsapi                     lionel                    tsapilionel@gmail.com             697642500 Logpom                                   M 10-OCT-22          5          5 malonjubibiche  ZtAtX0Da9Y66!}%2/-
        16 tsague                    Rouan                     tsagueRouan@gmail.com             659642501 Makepe                                   M 20-APR-22         10         10 sanguoledoux    p@fkX066!}+$%2/-A0

16 rows selected.

******************************************************************************************************************************************
**                                                                                                                                      **
***                                           1- Consulter le menu du jour                                                             ***
****                                          2- Consulter les details dun menu                                                       ****
*****                                         3- Consulter les restaurants                                                           *****
******                                        4- Rechercher un menu                                                                 ******
*******                                       5- Rechercher un plat                                                                *******
********                                      6- Ajouter un menu au panier                                                         ********
*********                                     7- Effectuer une commande                                                          *********
********                                      8- Consulter des commandes                                                          ********
*******                                       9- Noter un restaurant                                                               *******
******                                        8- Consulter des commandes                                                            ******
*****                                         9- Noter un restaurant                                                                 *****
****                                          10- Se deconnecter                                                                      ****
***                                           11- Quitter                                                                              ***
**                                                                                                                                      **                                                                                                    **
******************************************************************************************************************************************
Que voulez-vous faire ? : 5

SCRIPT
-----------------------------------------------
@Features/Features_customer/search_dish

1 row selected.

Enter value for plat: eru
45   Eru

PL/SQL procedure successfully completed.

******************************************************************************************************************************************
**                                                                                                                                      **
***                                           1- Consulter le menu du jour                                                             ***
****                                          2- Consulter les details dun menu                                                       ****
*****                                         3- Consulter les restaurants                                                           *****
******                                        4- Rechercher un menu                                                                 ******
*******                                       5- Rechercher un plat                                                                *******
********                                      6- Ajouter un menu au panier                                                         ********
*********                                     7- Effectuer une commande                                                          *********
********                                      8- Consulter des commandes                                                          ********
*******                                       9- Noter un restaurant                                                               *******
******                                        8- Consulter des commandes                                                            ******
*****                                         9- Noter un restaurant                                                                 *****
****                                          10- Se deconnecter                                                                      ****
***                                           11- Quitter                                                                              ***
**                                                                                                                                      **                                                                                                    **
******************************************************************************************************************************************
Que voulez-vous faire ? : 11

SCRIPT
-----------------------------------------------
@Procedure/Case

1 row selected.

******************************************************************************************************************************************
**                                                                                                                                      **
***                                                                                                                                    ***
****                                          BIENVENUE SUR Nom de lapplication                                                       ****
*****                                                                                                                                *****
******                                       1- INSCRIPTION                                                                         ******
*******                                      2- CONNEXION                                                                          *******
******                                       3- QUITTER                                                                             ******
*****                                                                                                                                *****
****                                                                                                                                  ****
***                                                                                                                                    ***
**                                                                                                                                      **
******************************************************************************************************************************************
choisissez une option : 3

SCRIPT
----------------------
@exit

1 row selected.

Voulez-vous vraiment quitter ? (y/n) y

SCRIPT
------------------
@Procedure/exitApp

1 row selected.

=======
>>>>>>> 2a4dd066c52bbb43bc6e9ea75e135b444bc446de
